Using pre-set license
Built from '2020.3/staging' branch; Version is '2020.3.21f1 (a38c86f6690f) revision 10718342'; Using compiler version '192528614'; Build Type 'Release'
OS: 'Windows 10 Pro; OS build 18362.1256; Version 1903; 64bit' Language: 'ko' Physical Memory: 16332 MB
BatchMode: 1, IsHumanControllingUs: 0, StartBugReporterOnCrash: 0, Is64bit: 1, IsPro: 0

COMMAND LINE ARGUMENTS:
C:\Program Files\Unity\Hub\Editor\2020.3.21f1\Editor\Unity.exe
-adb2
-batchMode
-noUpm
-name
AssetImportWorker0
-projectPath
C:/Users/Administrator/Documents/GitHub/DesLike/DESLIKE-220127(깃허브업로드)
-logFile
Logs/AssetImportWorker0.log
-srvPort
59420
Successfully changed project path to: C:/Users/Administrator/Documents/GitHub/DesLike/DESLIKE-220127(깃허브업로드)
C:/Users/Administrator/Documents/GitHub/DesLike/DESLIKE-220127(깃허브업로드)
Using Asset Import Pipeline V2.
Refreshing native plugins compatible for Editor in 118.88 ms, found 3 plugins.
Preloading 0 native plugins for Editor in 0.00 ms.
Initialize engine version: 2020.3.21f1 (a38c86f6690f)
[Subsystems] Discovering subsystems at path C:/Program Files/Unity/Hub/Editor/2020.3.21f1/Editor/Data/Resources/UnitySubsystems
[Subsystems] Discovering subsystems at path C:/Users/Administrator/Documents/GitHub/DesLike/DESLIKE-220127(깃허브업로드)/Assets
GfxDevice: creating device client; threaded=0
Direct3D:
    Version:  Direct3D 11.0 [level 11.1]
    Renderer: NVIDIA GeForce GTX 1060 6GB (ID=0x1c03)
    Vendor:   
    VRAM:     6052 MB
    Driver:   27.21.14.5671
Initialize mono
Mono path[0] = 'C:/Program Files/Unity/Hub/Editor/2020.3.21f1/Editor/Data/Managed'
Mono path[1] = 'C:/Program Files/Unity/Hub/Editor/2020.3.21f1/Editor/Data/MonoBleedingEdge/lib/mono/unityjit'
Mono config path = 'C:/Program Files/Unity/Hub/Editor/2020.3.21f1/Editor/Data/MonoBleedingEdge/etc'
Using monoOptions --debugger-agent=transport=dt_socket,embedding=1,server=y,suspend=n,address=127.0.0.1:56764
Begin MonoManager ReloadAssembly
Registering precompiled unity dll's ...
Register platform support module: C:/Program Files/Unity/Hub/Editor/2020.3.21f1/Editor/Data/PlaybackEngines/WindowsStandaloneSupport/UnityEditor.WindowsStandalone.Extensions.dll
Registered in 0.004391 seconds.
Native extension for WindowsStandalone target not found
Refreshing native plugins compatible for Editor in 85.18 ms, found 3 plugins.
Preloading 0 native plugins for Editor in 0.00 ms.
Mono: successfully reloaded assembly
- Completed reload, in  1.725 seconds
Domain Reload Profiling:
	ReloadAssembly (1726ms)
		BeginReloadAssembly (78ms)
			ExecutionOrderSort (0ms)
			DisableScriptedObjects (0ms)
			BackupInstance (0ms)
			ReleaseScriptingObjects (0ms)
			CreateAndSetChildDomain (1ms)
		EndReloadAssembly (658ms)
			LoadAssemblies (72ms)
			RebuildTransferFunctionScriptingTraits (0ms)
			SetupTypeCache (166ms)
			ReleaseScriptCaches (0ms)
			RebuildScriptCaches (42ms)
			SetupLoadedEditorAssemblies (287ms)
				LogAssemblyErrors (0ms)
				InitializePlatformSupportModulesInManaged (10ms)
				SetLoadedEditorAssemblies (1ms)
				RefreshPlugins (85ms)
				BeforeProcessingInitializeOnLoad (25ms)
				ProcessInitializeOnLoadAttributes (123ms)
				ProcessInitializeOnLoadMethodAttributes (42ms)
				AfterProcessingInitializeOnLoad (0ms)
				EditorAssembliesLoaded (0ms)
			ExecutionOrderSort2 (0ms)
			AwakeInstancesAfterBackupRestoration (0ms)
Platform modules already initialized, skipping
Registering precompiled user dll's ...
Registered in 0.012571 seconds.
Begin MonoManager ReloadAssembly
Symbol file data-000001F00BBE4480 doesn't match image C:\Users\Administrator\Documents\GitHub\DesLike\DESLIKE-220127(깃허브업로드)\Library\ScriptAssemblies\Unity.2D.Animation.Editor.dll
Symbol file LoadedFromMemory is not a mono symbol file
Symbol file data-000001F006AB1B20 doesn't match image C:\Users\Administrator\Documents\GitHub\DesLike\DESLIKE-220127(깃허브업로드)\Library\ScriptAssemblies\Unity.InternalAPIEngineBridge.001.dll
Symbol file LoadedFromMemory is not a mono symbol file
Symbol file data-000001F006F1A020 doesn't match image C:\Users\Administrator\Documents\GitHub\DesLike\DESLIKE-220127(깃허브업로드)\Library\ScriptAssemblies\Unity.VSCode.Editor.dll
Symbol file LoadedFromMemory is not a mono symbol file
Symbol file data-000001F006FD6010 doesn't match image C:\Users\Administrator\Documents\GitHub\DesLike\DESLIKE-220127(깃허브업로드)\Library\ScriptAssemblies\Unity.2D.PixelPerfect.dll
Symbol file LoadedFromMemory is not a mono symbol file
Symbol file data-000001F00BBE4480 doesn't match image C:\Users\Administrator\Documents\GitHub\DesLike\DESLIKE-220127(깃허브업로드)\Library\ScriptAssemblies\Unity.2D.Tilemap.Editor.dll
Symbol file LoadedFromMemory is not a mono symbol file
Symbol file data-000001F00C3F9020 doesn't match image C:\Users\Administrator\Documents\GitHub\DesLike\DESLIKE-220127(깃허브업로드)\Library\ScriptAssemblies\PsdPlugin.dll
Symbol file LoadedFromMemory is not a mono symbol file
Symbol file data-000001F00BBF7690 doesn't match image C:\Users\Administrator\Documents\GitHub\DesLike\DESLIKE-220127(깃허브업로드)\Library\ScriptAssemblies\Unity.TextMeshPro.Editor.dll
Symbol file LoadedFromMemory is not a mono symbol file
Symbol file data-000001F00771C020 doesn't match image C:\Users\Administrator\Documents\GitHub\DesLike\DESLIKE-220127(깃허브업로드)\Library\ScriptAssemblies\Unity.VisualStudio.Editor.dll
Symbol file LoadedFromMemory is not a mono symbol file
Symbol file data-000001F00B91E230 doesn't match image C:\Users\Administrator\Documents\GitHub\DesLike\DESLIKE-220127(깃허브업로드)\Library\ScriptAssemblies\UnityEngine.TestRunner.dll
Symbol file LoadedFromMemory is not a mono symbol file
Symbol file data-000001F00BC0CEA0 doesn't match image C:\Users\Administrator\Documents\GitHub\DesLike\DESLIKE-220127(깃허브업로드)\Library\ScriptAssemblies\Unity.Timeline.dll
Symbol file LoadedFromMemory is not a mono symbol file
Symbol file data-000001F00BC2F020 doesn't match image C:\Users\Administrator\Documents\GitHub\DesLike\DESLIKE-220127(깃허브업로드)\Library\ScriptAssemblies\Unity.TextMeshPro.dll
Symbol file LoadedFromMemory is not a mono symbol file
Symbol file data-000001F00BC5D230 doesn't match image C:\Users\Administrator\Documents\GitHub\DesLike\DESLIKE-220127(깃허브업로드)\Library\ScriptAssemblies\UnityEditor.TestRunner.dll
Symbol file LoadedFromMemory is not a mono symbol file
Symbol file data-000001F006F1A020 doesn't match image C:\Users\Administrator\Documents\GitHub\DesLike\DESLIKE-220127(깃허브업로드)\Library\ScriptAssemblies\Unity.2D.IK.Editor.dll
Symbol file LoadedFromMemory is not a mono symbol file
Symbol file data-000001F00BC0CEA0 doesn't match image C:\Users\Administrator\Documents\GitHub\DesLike\DESLIKE-220127(깃허브업로드)\Library\ScriptAssemblies\Unity.2D.Sprite.Editor.dll
Symbol file LoadedFromMemory is not a mono symbol file
Symbol file data-000001F006EFA020 doesn't match image C:\Users\Administrator\Documents\GitHub\DesLike\DESLIKE-220127(깃허브업로드)\Library\ScriptAssemblies\Unity.2D.Psdimporter.Editor.dll
Symbol file LoadedFromMemory is not a mono symbol file
Symbol file data-000001F00B91E230 doesn't match image C:\Users\Administrator\Documents\GitHub\DesLike\DESLIKE-220127(깃허브업로드)\Library\ScriptAssemblies\Unity.2D.Path.Editor.dll
Symbol file LoadedFromMemory is not a mono symbol file
Symbol file data-000001F006D9BA40 doesn't match image C:\Users\Administrator\Documents\GitHub\DesLike\DESLIKE-220127(깃허브업로드)\Library\ScriptAssemblies\Unity.InternalAPIEditorBridge.001.dll
Symbol file LoadedFromMemory is not a mono symbol file
Symbol file data-000001F006E8D030 doesn't match image C:\Users\Administrator\Documents\GitHub\DesLike\DESLIKE-220127(깃허브업로드)\Library\ScriptAssemblies\Unity.Postprocessing.Editor.dll
Symbol file LoadedFromMemory is not a mono symbol file
Symbol file data-000001F00C9D9010 doesn't match image C:\Users\Administrator\Documents\GitHub\DesLike\DESLIKE-220127(깃허브업로드)\Library\ScriptAssemblies\UnityEditor.UI.dll
Symbol file LoadedFromMemory is not a mono symbol file
Symbol file data-000001F00B772010 doesn't match image C:\Users\Administrator\Documents\GitHub\DesLike\DESLIKE-220127(깃허브업로드)\Library\ScriptAssemblies\Unity.PlasticSCM.Editor.dll
Symbol file LoadedFromMemory is not a mono symbol file
Symbol file data-000001F006D81440 doesn't match image C:\Users\Administrator\Documents\GitHub\DesLike\DESLIKE-220127(깃허브업로드)\Library\ScriptAssemblies\Unity.Rider.Editor.dll
Symbol file LoadedFromMemory is not a mono symbol file
Symbol file data-000001F00CC89A20 doesn't match image C:\Users\Administrator\Documents\GitHub\DesLike\DESLIKE-220127(깃허브업로드)\Library\ScriptAssemblies\UnityEngine.UI.dll
Symbol file LoadedFromMemory is not a mono symbol file
Symbol file data-000001F00C25E010 doesn't match image C:\Users\Administrator\Documents\GitHub\DesLike\DESLIKE-220127(깃허브업로드)\Library\ScriptAssemblies\Unity.Mathematics.dll
Symbol file LoadedFromMemory is not a mono symbol file
Symbol file data-000001F00BC6E640 doesn't match image C:\Users\Administrator\Documents\GitHub\DesLike\DESLIKE-220127(깃허브업로드)\Library\ScriptAssemblies\Unity.2D.IK.Runtime.dll
Symbol file LoadedFromMemory is not a mono symbol file
Symbol file data-000001F006D81440 doesn't match image C:\Users\Administrator\Documents\GitHub\DesLike\DESLIKE-220127(깃허브업로드)\Library\ScriptAssemblies\Unity.Services.Core.Editor.dll
Symbol file LoadedFromMemory is not a mono symbol file
Symbol file data-000001F0077A4620 doesn't match image C:\Users\Administrator\Documents\GitHub\DesLike\DESLIKE-220127(깃허브업로드)\Library\ScriptAssemblies\Unity.Postprocessing.Runtime.dll
Symbol file LoadedFromMemory is not a mono symbol file
Symbol file data-000001F00BD32630 doesn't match image C:\Users\Administrator\Documents\GitHub\DesLike\DESLIKE-220127(깃허브업로드)\Library\ScriptAssemblies\Unity.2D.Animation.Triangle.Runtime.dll
Symbol file LoadedFromMemory is not a mono symbol file
Symbol file data-000001F0075ED010 doesn't match image C:\Users\Administrator\Documents\GitHub\DesLike\DESLIKE-220127(깃허브업로드)\Library\ScriptAssemblies\Unity.2D.Animation.Runtime.dll
Symbol file LoadedFromMemory is not a mono symbol file
Symbol file data-000001F006DDE010 doesn't match image C:\Users\Administrator\Documents\GitHub\DesLike\DESLIKE-220127(깃허브업로드)\Library\ScriptAssemblies\Unity.2D.PixelPerfect.Editor.dll
Symbol file LoadedFromMemory is not a mono symbol file
Symbol file data-000001F00BFDC010 doesn't match image C:\Users\Administrator\Documents\GitHub\DesLike\DESLIKE-220127(깃허브업로드)\Library\ScriptAssemblies\Unity.Timeline.Editor.dll
Symbol file LoadedFromMemory is not a mono symbol file
Symbol file data-000001F0077A4620 doesn't match image C:\Users\Administrator\Documents\GitHub\DesLike\DESLIKE-220127(깃허브업로드)\Library\ScriptAssemblies\Unity.CollabProxy.Editor.dll
Symbol file LoadedFromMemory is not a mono symbol file
Symbol file data-000001F0072D2010 doesn't match image C:\Users\Administrator\Documents\GitHub\DesLike\DESLIKE-220127(깃허브업로드)\Library\ScriptAssemblies\Unity.Mathematics.Editor.dll
Symbol file LoadedFromMemory is not a mono symbol file
Symbol file data-000001F0072BFDE0 doesn't match image C:\Users\Administrator\Documents\GitHub\DesLike\DESLIKE-220127(깃허브업로드)\Library\ScriptAssemblies\Unity.2D.Common.Runtime.dll
Symbol file LoadedFromMemory is not a mono symbol file
Symbol file data-000001F00771C020 doesn't match image C:\Users\Administrator\Documents\GitHub\DesLike\DESLIKE-220127(깃허브업로드)\Library\ScriptAssemblies\Unity.2D.SpriteShape.Editor.dll
Symbol file LoadedFromMemory is not a mono symbol file
Symbol file data-000001F00BC6E640 doesn't match image C:\Users\Administrator\Documents\GitHub\DesLike\DESLIKE-220127(깃허브업로드)\Library\ScriptAssemblies\Unity.2D.Common.Editor.dll
Symbol file LoadedFromMemory is not a mono symbol file
Symbol file data-000001F0077A4620 doesn't match image C:\Users\Administrator\Documents\GitHub\DesLike\DESLIKE-220127(깃허브업로드)\Library\ScriptAssemblies\Unity.2D.SpriteShape.Runtime.dll
Symbol file LoadedFromMemory is not a mono symbol file
Native extension for WindowsStandalone target not found
Refreshing native plugins compatible for Editor in 55.05 ms, found 3 plugins.
Preloading 0 native plugins for Editor in 0.00 ms.
Mono: successfully reloaded assembly
- Completed reload, in  1.420 seconds
Domain Reload Profiling:
	ReloadAssembly (1421ms)
		BeginReloadAssembly (164ms)
			ExecutionOrderSort (0ms)
			DisableScriptedObjects (4ms)
			BackupInstance (0ms)
			ReleaseScriptingObjects (0ms)
			CreateAndSetChildDomain (19ms)
		EndReloadAssembly (1174ms)
			LoadAssemblies (127ms)
			RebuildTransferFunctionScriptingTraits (0ms)
			SetupTypeCache (420ms)
			ReleaseScriptCaches (1ms)
			RebuildScriptCaches (60ms)
			SetupLoadedEditorAssemblies (405ms)
				LogAssemblyErrors (0ms)
				InitializePlatformSupportModulesInManaged (4ms)
				SetLoadedEditorAssemblies (0ms)
				RefreshPlugins (55ms)
				BeforeProcessingInitializeOnLoad (109ms)
				ProcessInitializeOnLoadAttributes (202ms)
				ProcessInitializeOnLoadMethodAttributes (17ms)
				AfterProcessingInitializeOnLoad (17ms)
				EditorAssembliesLoaded (0ms)
			ExecutionOrderSort2 (0ms)
			AwakeInstancesAfterBackupRestoration (6ms)
Platform modules already initialized, skipping
========================================================================
Worker process is ready to serve import requests
Launched and connected shader compiler UnityShaderCompiler.exe after 0.08 seconds
Refreshing native plugins compatible for Editor in 1.33 ms, found 3 plugins.
Preloading 0 native plugins for Editor in 0.00 ms.
Unloading 2416 Unused Serialized files (Serialized files now loaded: 0)
System memory in use before: 110.3 MB.
System memory in use after: 110.4 MB.

Unloading 28 unused Assets to reduce memory usage. Loaded Objects now: 2852.
Total: 4.012500 ms (FindLiveObjects: 0.304800 ms CreateObjectMapping: 0.105000 ms MarkObjects: 3.510700 ms  DeleteObjects: 0.090300 ms)

AssetImportParameters requested are different than current active one (requested -> active):
  custom:framework-win-MediaFoundation: 216162199b28c13a410421893ffa2e32 -> 
  custom:video-decoder-ogg-theora: a1e56fd34408186e4bbccfd4996cb3dc -> 
  custom:container-muxer-webm: aa71ff27fc2769a1b78a27578f13a17b -> 
  custom:container-demuxer-webm: 4f35f7cbe854078d1ac9338744f61a02 -> 
  custom:container-demuxer-ogg: 62fdf1f143b41e24485cea50d1cbac27 -> 
  custom:video-encoder-webm-vp8: eb34c28f22e8b96e1ab97ce403110664 -> 
  custom:video-decoder-webm-vp8: 9c59270c3fd7afecdb556c50c9e8de78 -> 
  custom:audio-decoder-ogg-vorbis: bf7c407c2cedff20999df2af8eb42d56 -> 
  custom:audio-encoder-webm-vorbis: bf7c407c2cedff20999df2af8eb42d56 -> 
========================================================================
Received Import Request.
  path: Assets/Prefabs
  artifactKey: Guid(6869d3fc3a6e29d48bae0b556d39df66) Importer(815301076,1909f56bfc062723c751e8b465ee728b)
Start importing Assets/Prefabs using Guid(6869d3fc3a6e29d48bae0b556d39df66) Importer(815301076,1909f56bfc062723c751e8b465ee728b)  -> (artifact id: '7114bf6e21871a5e58ef9dce227d7066') in 0.014286 seconds 
  Import took 0.018844 seconds .

========================================================================
Received Prepare
Registering precompiled user dll's ...
Registered in 0.010588 seconds.
Begin MonoManager ReloadAssembly
Symbol file data-000001F00C6F5010 doesn't match image C:\Users\Administrator\Documents\GitHub\DesLike\DESLIKE-220127(깃허브업로드)\Library\ScriptAssemblies\Unity.2D.Animation.Editor.dll
Symbol file LoadedFromMemory is not a mono symbol file
Symbol file data-000001F0102DF4A0 doesn't match image C:\Users\Administrator\Documents\GitHub\DesLike\DESLIKE-220127(깃허브업로드)\Library\ScriptAssemblies\Unity.InternalAPIEngineBridge.001.dll
Symbol file LoadedFromMemory is not a mono symbol file
Symbol file data-000001F011651530 doesn't match image C:\Users\Administrator\Documents\GitHub\DesLike\DESLIKE-220127(깃허브업로드)\Library\ScriptAssemblies\Unity.VSCode.Editor.dll
Symbol file LoadedFromMemory is not a mono symbol file
Symbol file data-000001F0101B6C60 doesn't match image C:\Users\Administrator\Documents\GitHub\DesLike\DESLIKE-220127(깃허브업로드)\Library\ScriptAssemblies\Unity.2D.PixelPerfect.dll
Symbol file LoadedFromMemory is not a mono symbol file
Symbol file data-000001F0100FF070 doesn't match image C:\Users\Administrator\Documents\GitHub\DesLike\DESLIKE-220127(깃허브업로드)\Library\ScriptAssemblies\Unity.2D.Tilemap.Editor.dll
Symbol file LoadedFromMemory is not a mono symbol file
Symbol file data-000001F006ED7010 doesn't match image C:\Users\Administrator\Documents\GitHub\DesLike\DESLIKE-220127(깃허브업로드)\Library\ScriptAssemblies\PsdPlugin.dll
Symbol file LoadedFromMemory is not a mono symbol file
Symbol file data-000001F0100FF070 doesn't match image C:\Users\Administrator\Documents\GitHub\DesLike\DESLIKE-220127(깃허브업로드)\Library\ScriptAssemblies\Unity.TextMeshPro.Editor.dll
Symbol file LoadedFromMemory is not a mono symbol file
Symbol file data-000001F00C562010 doesn't match image C:\Users\Administrator\Documents\GitHub\DesLike\DESLIKE-220127(깃허브업로드)\Library\ScriptAssemblies\Unity.VisualStudio.Editor.dll
Symbol file LoadedFromMemory is not a mono symbol file
Symbol file data-000001F0072AD600 doesn't match image C:\Users\Administrator\Documents\GitHub\DesLike\DESLIKE-220127(깃허브업로드)\Library\ScriptAssemblies\UnityEngine.TestRunner.dll
Symbol file LoadedFromMemory is not a mono symbol file
Symbol file data-000001F0100FF070 doesn't match image C:\Users\Administrator\Documents\GitHub\DesLike\DESLIKE-220127(깃허브업로드)\Library\ScriptAssemblies\Unity.Timeline.dll
Symbol file LoadedFromMemory is not a mono symbol file
Symbol file data-000001F00BB01020 doesn't match image C:\Users\Administrator\Documents\GitHub\DesLike\DESLIKE-220127(깃허브업로드)\Library\ScriptAssemblies\Unity.TextMeshPro.dll
Symbol file LoadedFromMemory is not a mono symbol file
Symbol file data-000001F007455430 doesn't match image C:\Users\Administrator\Documents\GitHub\DesLike\DESLIKE-220127(깃허브업로드)\Library\ScriptAssemblies\UnityEditor.TestRunner.dll
Symbol file LoadedFromMemory is not a mono symbol file
Symbol file data-000001F00F40D0B0 doesn't match image C:\Users\Administrator\Documents\GitHub\DesLike\DESLIKE-220127(깃허브업로드)\Library\ScriptAssemblies\Unity.2D.IK.Editor.dll
Symbol file LoadedFromMemory is not a mono symbol file
Symbol file data-000001F0100FF070 doesn't match image C:\Users\Administrator\Documents\GitHub\DesLike\DESLIKE-220127(깃허브업로드)\Library\ScriptAssemblies\Unity.2D.Sprite.Editor.dll
Symbol file LoadedFromMemory is not a mono symbol file
Symbol file data-000001F00C562010 doesn't match image C:\Users\Administrator\Documents\GitHub\DesLike\DESLIKE-220127(깃허브업로드)\Library\ScriptAssemblies\Unity.2D.Psdimporter.Editor.dll
Symbol file LoadedFromMemory is not a mono symbol file
Symbol file data-000001F007777030 doesn't match image C:\Users\Administrator\Documents\GitHub\DesLike\DESLIKE-220127(깃허브업로드)\Library\ScriptAssemblies\Unity.2D.Path.Editor.dll
Symbol file LoadedFromMemory is not a mono symbol file
Symbol file data-000001F00ED25460 doesn't match image C:\Users\Administrator\Documents\GitHub\DesLike\DESLIKE-220127(깃허브업로드)\Library\ScriptAssemblies\Unity.InternalAPIEditorBridge.001.dll
Symbol file LoadedFromMemory is not a mono symbol file
Symbol file data-000001F00C994010 doesn't match image C:\Users\Administrator\Documents\GitHub\DesLike\DESLIKE-220127(깃허브업로드)\Library\ScriptAssemblies\Unity.Postprocessing.Editor.dll
Symbol file LoadedFromMemory is not a mono symbol file
Symbol file data-000001F00C9D9010 doesn't match image C:\Users\Administrator\Documents\GitHub\DesLike\DESLIKE-220127(깃허브업로드)\Library\ScriptAssemblies\UnityEditor.UI.dll
Symbol file LoadedFromMemory is not a mono symbol file
Symbol file data-000001F00BE5A010 doesn't match image C:\Users\Administrator\Documents\GitHub\DesLike\DESLIKE-220127(깃허브업로드)\Library\ScriptAssemblies\Unity.PlasticSCM.Editor.dll
Symbol file LoadedFromMemory is not a mono symbol file
Symbol file data-000001F006D81440 doesn't match image C:\Users\Administrator\Documents\GitHub\DesLike\DESLIKE-220127(깃허브업로드)\Library\ScriptAssemblies\Unity.Rider.Editor.dll
Symbol file LoadedFromMemory is not a mono symbol file
Symbol file data-000001F010191010 doesn't match image C:\Users\Administrator\Documents\GitHub\DesLike\DESLIKE-220127(깃허브업로드)\Library\ScriptAssemblies\UnityEngine.UI.dll
Symbol file LoadedFromMemory is not a mono symbol file
Symbol file data-000001F007613010 doesn't match image C:\Users\Administrator\Documents\GitHub\DesLike\DESLIKE-220127(깃허브업로드)\Library\ScriptAssemblies\Unity.Mathematics.dll
Symbol file LoadedFromMemory is not a mono symbol file
Symbol file data-000001F00CC27C30 doesn't match image C:\Users\Administrator\Documents\GitHub\DesLike\DESLIKE-220127(깃허브업로드)\Library\ScriptAssemblies\Unity.2D.IK.Runtime.dll
Symbol file LoadedFromMemory is not a mono symbol file
Symbol file data-000001F006D81440 doesn't match image C:\Users\Administrator\Documents\GitHub\DesLike\DESLIKE-220127(깃허브업로드)\Library\ScriptAssemblies\Unity.Services.Core.Editor.dll
Symbol file LoadedFromMemory is not a mono symbol file
Symbol file data-000001F0072AD600 doesn't match image C:\Users\Administrator\Documents\GitHub\DesLike\DESLIKE-220127(깃허브업로드)\Library\ScriptAssemblies\Unity.Postprocessing.Runtime.dll
Symbol file LoadedFromMemory is not a mono symbol file
Symbol file data-000001F010191010 doesn't match image C:\Users\Administrator\Documents\GitHub\DesLike\DESLIKE-220127(깃허브업로드)\Library\ScriptAssemblies\Unity.2D.Animation.Triangle.Runtime.dll
Symbol file LoadedFromMemory is not a mono symbol file
Symbol file data-000001F00FEA8A30 doesn't match image C:\Users\Administrator\Documents\GitHub\DesLike\DESLIKE-220127(깃허브업로드)\Library\ScriptAssemblies\Unity.2D.Animation.Runtime.dll
Symbol file LoadedFromMemory is not a mono symbol file
Symbol file data-000001F00B760030 doesn't match image C:\Users\Administrator\Documents\GitHub\DesLike\DESLIKE-220127(깃허브업로드)\Library\ScriptAssemblies\Unity.2D.PixelPerfect.Editor.dll
Symbol file LoadedFromMemory is not a mono symbol file
Symbol file data-000001F00CB9FC40 doesn't match image C:\Users\Administrator\Documents\GitHub\DesLike\DESLIKE-220127(깃허브업로드)\Library\ScriptAssemblies\Unity.Timeline.Editor.dll
Symbol file LoadedFromMemory is not a mono symbol file
Symbol file data-000001F0072AD600 doesn't match image C:\Users\Administrator\Documents\GitHub\DesLike\DESLIKE-220127(깃허브업로드)\Library\ScriptAssemblies\Unity.CollabProxy.Editor.dll
Symbol file LoadedFromMemory is not a mono symbol file
Symbol file data-000001F001D53EF0 doesn't match image C:\Users\Administrator\Documents\GitHub\DesLike\DESLIKE-220127(깃허브업로드)\Library\ScriptAssemblies\Unity.Mathematics.Editor.dll
Symbol file LoadedFromMemory is not a mono symbol file
Symbol file data-000001F00F36F440 doesn't match image C:\Users\Administrator\Documents\GitHub\DesLike\DESLIKE-220127(깃허브업로드)\Library\ScriptAssemblies\Unity.2D.Common.Runtime.dll
Symbol file LoadedFromMemory is not a mono symbol file
Symbol file data-000001F00BE93420 doesn't match image C:\Users\Administrator\Documents\GitHub\DesLike\DESLIKE-220127(깃허브업로드)\Library\ScriptAssemblies\Unity.2D.SpriteShape.Editor.dll
Symbol file LoadedFromMemory is not a mono symbol file
Symbol file data-000001F00CC27C30 doesn't match image C:\Users\Administrator\Documents\GitHub\DesLike\DESLIKE-220127(깃허브업로드)\Library\ScriptAssemblies\Unity.2D.Common.Editor.dll
Symbol file LoadedFromMemory is not a mono symbol file
Symbol file data-000001F007112810 doesn't match image C:\Users\Administrator\Documents\GitHub\DesLike\DESLIKE-220127(깃허브업로드)\Library\ScriptAssemblies\Unity.2D.SpriteShape.Runtime.dll
Symbol file LoadedFromMemory is not a mono symbol file
Native extension for WindowsStandalone target not found
Refreshing native plugins compatible for Editor in 0.61 ms, found 3 plugins.
Preloading 0 native plugins for Editor in 0.00 ms.
Mono: successfully reloaded assembly
- Completed reload, in  1.142 seconds
Domain Reload Profiling:
	ReloadAssembly (1143ms)
		BeginReloadAssembly (146ms)
			ExecutionOrderSort (0ms)
			DisableScriptedObjects (6ms)
			BackupInstance (0ms)
			ReleaseScriptingObjects (0ms)
			CreateAndSetChildDomain (40ms)
		EndReloadAssembly (912ms)
			LoadAssemblies (127ms)
			RebuildTransferFunctionScriptingTraits (0ms)
			SetupTypeCache (298ms)
			ReleaseScriptCaches (1ms)
			RebuildScriptCaches (50ms)
			SetupLoadedEditorAssemblies (341ms)
				LogAssemblyErrors (0ms)
				InitializePlatformSupportModulesInManaged (5ms)
				SetLoadedEditorAssemblies (0ms)
				RefreshPlugins (1ms)
				BeforeProcessingInitializeOnLoad (112ms)
				ProcessInitializeOnLoadAttributes (194ms)
				ProcessInitializeOnLoadMethodAttributes (11ms)
				AfterProcessingInitializeOnLoad (18ms)
				EditorAssembliesLoaded (0ms)
			ExecutionOrderSort2 (0ms)
			AwakeInstancesAfterBackupRestoration (9ms)
Platform modules already initialized, skipping
Refreshing native plugins compatible for Editor in 0.74 ms, found 3 plugins.
Preloading 0 native plugins for Editor in 0.00 ms.
Unloading 2378 Unused Serialized files (Serialized files now loaded: 0)
System memory in use before: 107.1 MB.
System memory in use after: 107.3 MB.

Unloading 17 unused Assets to reduce memory usage. Loaded Objects now: 2854.
Total: 4.881000 ms (FindLiveObjects: 0.292600 ms CreateObjectMapping: 0.063500 ms MarkObjects: 4.493900 ms  DeleteObjects: 0.028600 ms)

AssetImportParameters requested are different than current active one (requested -> active):
  custom:framework-win-MediaFoundation: 216162199b28c13a410421893ffa2e32 -> 
  custom:video-decoder-ogg-theora: a1e56fd34408186e4bbccfd4996cb3dc -> 
  custom:container-muxer-webm: aa71ff27fc2769a1b78a27578f13a17b -> 
  custom:container-demuxer-webm: 4f35f7cbe854078d1ac9338744f61a02 -> 
  custom:container-demuxer-ogg: 62fdf1f143b41e24485cea50d1cbac27 -> 
  custom:video-encoder-webm-vp8: eb34c28f22e8b96e1ab97ce403110664 -> 
  custom:video-decoder-webm-vp8: 9c59270c3fd7afecdb556c50c9e8de78 -> 
  custom:audio-decoder-ogg-vorbis: bf7c407c2cedff20999df2af8eb42d56 -> 
  custom:audio-encoder-webm-vorbis: bf7c407c2cedff20999df2af8eb42d56 -> 
========================================================================
Received Prepare
Registering precompiled user dll's ...
Registered in 0.012046 seconds.
Begin MonoManager ReloadAssembly
Symbol file data-000001F00CB9FC40 doesn't match image C:\Users\Administrator\Documents\GitHub\DesLike\DESLIKE-220127(깃허브업로드)\Library\ScriptAssemblies\Unity.2D.Animation.Editor.dll
Symbol file LoadedFromMemory is not a mono symbol file
Symbol file data-000001F0102DDE20 doesn't match image C:\Users\Administrator\Documents\GitHub\DesLike\DESLIKE-220127(깃허브업로드)\Library\ScriptAssemblies\Unity.InternalAPIEngineBridge.001.dll
Symbol file LoadedFromMemory is not a mono symbol file
Symbol file data-000001F00BB2F2E0 doesn't match image C:\Users\Administrator\Documents\GitHub\DesLike\DESLIKE-220127(깃허브업로드)\Library\ScriptAssemblies\Unity.VSCode.Editor.dll
Symbol file LoadedFromMemory is not a mono symbol file
Symbol file data-000001F006FD6010 doesn't match image C:\Users\Administrator\Documents\GitHub\DesLike\DESLIKE-220127(깃허브업로드)\Library\ScriptAssemblies\Unity.2D.PixelPerfect.dll
Symbol file LoadedFromMemory is not a mono symbol file
Symbol file data-000001F011EB4050 doesn't match image C:\Users\Administrator\Documents\GitHub\DesLike\DESLIKE-220127(깃허브업로드)\Library\ScriptAssemblies\Unity.2D.Tilemap.Editor.dll
Symbol file LoadedFromMemory is not a mono symbol file
Symbol file data-000001F00CB95010 doesn't match image C:\Users\Administrator\Documents\GitHub\DesLike\DESLIKE-220127(깃허브업로드)\Library\ScriptAssemblies\PsdPlugin.dll
Symbol file LoadedFromMemory is not a mono symbol file
Symbol file data-000001F011EB4050 doesn't match image C:\Users\Administrator\Documents\GitHub\DesLike\DESLIKE-220127(깃허브업로드)\Library\ScriptAssemblies\Unity.TextMeshPro.Editor.dll
Symbol file LoadedFromMemory is not a mono symbol file
Symbol file data-000001F00EBBF010 doesn't match image C:\Users\Administrator\Documents\GitHub\DesLike\DESLIKE-220127(깃허브업로드)\Library\ScriptAssemblies\Unity.VisualStudio.Editor.dll
Symbol file LoadedFromMemory is not a mono symbol file
Symbol file data-000001F0070E2890 doesn't match image C:\Users\Administrator\Documents\GitHub\DesLike\DESLIKE-220127(깃허브업로드)\Library\ScriptAssemblies\UnityEngine.TestRunner.dll
Symbol file LoadedFromMemory is not a mono symbol file
Symbol file data-000001F011EB4050 doesn't match image C:\Users\Administrator\Documents\GitHub\DesLike\DESLIKE-220127(깃허브업로드)\Library\ScriptAssemblies\Unity.Timeline.dll
Symbol file LoadedFromMemory is not a mono symbol file
Symbol file data-000001F00CC03020 doesn't match image C:\Users\Administrator\Documents\GitHub\DesLike\DESLIKE-220127(깃허브업로드)\Library\ScriptAssemblies\Unity.TextMeshPro.dll
Symbol file LoadedFromMemory is not a mono symbol file
Symbol file data-000001F007455430 doesn't match image C:\Users\Administrator\Documents\GitHub\DesLike\DESLIKE-220127(깃허브업로드)\Library\ScriptAssemblies\UnityEditor.TestRunner.dll
Symbol file LoadedFromMemory is not a mono symbol file
Symbol file data-000001F0124F9110 doesn't match image C:\Users\Administrator\Documents\GitHub\DesLike\DESLIKE-220127(깃허브업로드)\Library\ScriptAssemblies\Unity.2D.IK.Editor.dll
Symbol file LoadedFromMemory is not a mono symbol file
Symbol file data-000001F011EB4050 doesn't match image C:\Users\Administrator\Documents\GitHub\DesLike\DESLIKE-220127(깃허브업로드)\Library\ScriptAssemblies\Unity.2D.Sprite.Editor.dll
Symbol file LoadedFromMemory is not a mono symbol file
Symbol file data-000001F00EBBF010 doesn't match image C:\Users\Administrator\Documents\GitHub\DesLike\DESLIKE-220127(깃허브업로드)\Library\ScriptAssemblies\Unity.2D.Psdimporter.Editor.dll
Symbol file LoadedFromMemory is not a mono symbol file
Symbol file data-000001F006EF2010 doesn't match image C:\Users\Administrator\Documents\GitHub\DesLike\DESLIKE-220127(깃허브업로드)\Library\ScriptAssemblies\Unity.2D.Path.Editor.dll
Symbol file LoadedFromMemory is not a mono symbol file
Symbol file data-000001F00ED25460 doesn't match image C:\Users\Administrator\Documents\GitHub\DesLike\DESLIKE-220127(깃허브업로드)\Library\ScriptAssemblies\Unity.InternalAPIEditorBridge.001.dll
Symbol file LoadedFromMemory is not a mono symbol file
Symbol file data-000001F00C994010 doesn't match image C:\Users\Administrator\Documents\GitHub\DesLike\DESLIKE-220127(깃허브업로드)\Library\ScriptAssemblies\Unity.Postprocessing.Editor.dll
Symbol file LoadedFromMemory is not a mono symbol file
Symbol file data-000001F00EBBF010 doesn't match image C:\Users\Administrator\Documents\GitHub\DesLike\DESLIKE-220127(깃허브업로드)\Library\ScriptAssemblies\UnityEditor.UI.dll
Symbol file LoadedFromMemory is not a mono symbol file
Symbol file data-000001F00BB87020 doesn't match image C:\Users\Administrator\Documents\GitHub\DesLike\DESLIKE-220127(깃허브업로드)\Library\ScriptAssemblies\Unity.PlasticSCM.Editor.dll
Symbol file LoadedFromMemory is not a mono symbol file
Symbol file data-000001F006D81440 doesn't match image C:\Users\Administrator\Documents\GitHub\DesLike\DESLIKE-220127(깃허브업로드)\Library\ScriptAssemblies\Unity.Rider.Editor.dll
Symbol file LoadedFromMemory is not a mono symbol file
Symbol file data-000001F0119CD550 doesn't match image C:\Users\Administrator\Documents\GitHub\DesLike\DESLIKE-220127(깃허브업로드)\Library\ScriptAssemblies\UnityEngine.UI.dll
Symbol file LoadedFromMemory is not a mono symbol file
Symbol file data-000001F007613010 doesn't match image C:\Users\Administrator\Documents\GitHub\DesLike\DESLIKE-220127(깃허브업로드)\Library\ScriptAssemblies\Unity.Mathematics.dll
Symbol file LoadedFromMemory is not a mono symbol file
Symbol file data-000001F011550180 doesn't match image C:\Users\Administrator\Documents\GitHub\DesLike\DESLIKE-220127(깃허브업로드)\Library\ScriptAssemblies\Unity.2D.IK.Runtime.dll
Symbol file LoadedFromMemory is not a mono symbol file
Symbol file data-000001F006D81440 doesn't match image C:\Users\Administrator\Documents\GitHub\DesLike\DESLIKE-220127(깃허브업로드)\Library\ScriptAssemblies\Unity.Services.Core.Editor.dll
Symbol file LoadedFromMemory is not a mono symbol file
Symbol file data-000001F007112810 doesn't match image C:\Users\Administrator\Documents\GitHub\DesLike\DESLIKE-220127(깃허브업로드)\Library\ScriptAssemblies\Unity.Postprocessing.Runtime.dll
Symbol file LoadedFromMemory is not a mono symbol file
Symbol file data-000001F00FE94020 doesn't match image C:\Users\Administrator\Documents\GitHub\DesLike\DESLIKE-220127(깃허브업로드)\Library\ScriptAssemblies\Unity.2D.Animation.Triangle.Runtime.dll
Symbol file LoadedFromMemory is not a mono symbol file
Symbol file data-000001F0108E3B00 doesn't match image C:\Users\Administrator\Documents\GitHub\DesLike\DESLIKE-220127(깃허브업로드)\Library\ScriptAssemblies\Unity.2D.Animation.Runtime.dll
Symbol file LoadedFromMemory is not a mono symbol file
Symbol file data-000001F007586F10 doesn't match image C:\Users\Administrator\Documents\GitHub\DesLike\DESLIKE-220127(깃허브업로드)\Library\ScriptAssemblies\Unity.2D.PixelPerfect.Editor.dll
Symbol file LoadedFromMemory is not a mono symbol file
Symbol file data-000001F00C0E2010 doesn't match image C:\Users\Administrator\Documents\GitHub\DesLike\DESLIKE-220127(깃허브업로드)\Library\ScriptAssemblies\Unity.Timeline.Editor.dll
Symbol file LoadedFromMemory is not a mono symbol file
Symbol file data-000001F007112810 doesn't match image C:\Users\Administrator\Documents\GitHub\DesLike\DESLIKE-220127(깃허브업로드)\Library\ScriptAssemblies\Unity.CollabProxy.Editor.dll
Symbol file LoadedFromMemory is not a mono symbol file
Symbol file data-000001F001D53EF0 doesn't match image C:\Users\Administrator\Documents\GitHub\DesLike\DESLIKE-220127(깃허브업로드)\Library\ScriptAssemblies\Unity.Mathematics.Editor.dll
Symbol file LoadedFromMemory is not a mono symbol file
Symbol file data-000001F0101B5460 doesn't match image C:\Users\Administrator\Documents\GitHub\DesLike\DESLIKE-220127(깃허브업로드)\Library\ScriptAssemblies\Unity.2D.Common.Runtime.dll
Symbol file LoadedFromMemory is not a mono symbol file
Symbol file data-000001F00C994010 doesn't match image C:\Users\Administrator\Documents\GitHub\DesLike\DESLIKE-220127(깃허브업로드)\Library\ScriptAssemblies\Unity.2D.SpriteShape.Editor.dll
Symbol file LoadedFromMemory is not a mono symbol file
Symbol file data-000001F00BB25C30 doesn't match image C:\Users\Administrator\Documents\GitHub\DesLike\DESLIKE-220127(깃허브업로드)\Library\ScriptAssemblies\Unity.2D.Common.Editor.dll
Symbol file LoadedFromMemory is not a mono symbol file
Symbol file data-000001F007765010 doesn't match image C:\Users\Administrator\Documents\GitHub\DesLike\DESLIKE-220127(깃허브업로드)\Library\ScriptAssemblies\Unity.2D.SpriteShape.Runtime.dll
Symbol file LoadedFromMemory is not a mono symbol file
Native extension for WindowsStandalone target not found
Refreshing native plugins compatible for Editor in 0.62 ms, found 3 plugins.
Preloading 0 native plugins for Editor in 0.00 ms.
Mono: successfully reloaded assembly
- Completed reload, in  1.527 seconds
Domain Reload Profiling:
	ReloadAssembly (1528ms)
		BeginReloadAssembly (376ms)
			ExecutionOrderSort (0ms)
			DisableScriptedObjects (9ms)
			BackupInstance (0ms)
			ReleaseScriptingObjects (0ms)
			CreateAndSetChildDomain (64ms)
		EndReloadAssembly (1002ms)
			LoadAssemblies (282ms)
			RebuildTransferFunctionScriptingTraits (0ms)
			SetupTypeCache (336ms)
			ReleaseScriptCaches (1ms)
			RebuildScriptCaches (55ms)
			SetupLoadedEditorAssemblies (362ms)
				LogAssemblyErrors (0ms)
				InitializePlatformSupportModulesInManaged (6ms)
				SetLoadedEditorAssemblies (0ms)
				RefreshPlugins (1ms)
				BeforeProcessingInitializeOnLoad (117ms)
				ProcessInitializeOnLoadAttributes (208ms)
				ProcessInitializeOnLoadMethodAttributes (11ms)
				AfterProcessingInitializeOnLoad (18ms)
				EditorAssembliesLoaded (0ms)
			ExecutionOrderSort2 (0ms)
			AwakeInstancesAfterBackupRestoration (10ms)
Platform modules already initialized, skipping
Refreshing native plugins compatible for Editor in 0.66 ms, found 3 plugins.
Preloading 0 native plugins for Editor in 0.00 ms.
Unloading 2378 Unused Serialized files (Serialized files now loaded: 0)
System memory in use before: 107.1 MB.
System memory in use after: 107.4 MB.

Unloading 17 unused Assets to reduce memory usage. Loaded Objects now: 2856.
Total: 3.860400 ms (FindLiveObjects: 0.257900 ms CreateObjectMapping: 0.059800 ms MarkObjects: 3.515800 ms  DeleteObjects: 0.025100 ms)

AssetImportParameters requested are different than current active one (requested -> active):
  custom:framework-win-MediaFoundation: 216162199b28c13a410421893ffa2e32 -> 
  custom:video-decoder-ogg-theora: a1e56fd34408186e4bbccfd4996cb3dc -> 
  custom:container-muxer-webm: aa71ff27fc2769a1b78a27578f13a17b -> 
  custom:container-demuxer-webm: 4f35f7cbe854078d1ac9338744f61a02 -> 
  custom:container-demuxer-ogg: 62fdf1f143b41e24485cea50d1cbac27 -> 
  custom:video-encoder-webm-vp8: eb34c28f22e8b96e1ab97ce403110664 -> 
  custom:video-decoder-webm-vp8: 9c59270c3fd7afecdb556c50c9e8de78 -> 
  custom:audio-decoder-ogg-vorbis: bf7c407c2cedff20999df2af8eb42d56 -> 
  custom:audio-encoder-webm-vorbis: bf7c407c2cedff20999df2af8eb42d56 -> 
AssetImportWorkerClient::OnTransportError - code=2 error=End of file
